<?xml version="1.0" encoding="UTF-8"?>
<!-- Generated by org.testng.reporters.JUnitReportReporter -->
<testsuite skipped="0" hostname="DT39306" name="tests.Tlogin" tests="1" failures="0" timestamp="24 abr 2019 16:24:54 GMT" time="1.439" errors="0">
  <testcase name="stepsLogin" time="1.439" classname="tests.Tlogin"/>
</testsuite> <!-- tests.Tlogin -->
