<?xml version="1.0" encoding="UTF-8"?>
<!-- Generated by org.testng.reporters.JUnitReportReporter -->
<testsuite skipped="0" hostname="DT39306" name="tests.Toportunidades" tests="1" failures="0" timestamp="03 abr 2019 18:23:15 GMT" time="30.211" errors="0">
  <testcase name="stepsOportunidades" time="30.211" classname="tests.Toportunidades"/>
</testsuite> <!-- tests.Toportunidades -->
