<?xml version="1.0" encoding="UTF-8"?>
<!-- Generated by org.testng.reporters.JUnitReportReporter -->
<testsuite skipped="0" hostname="DT39306" name="tests.Tlogin" tests="1" failures="0" timestamp="24 abr 2019 15:30:09 GMT" time="0.034" errors="0">
  <testcase name="stepsLogin" time="0.034" classname="tests.Tlogin"/>
</testsuite> <!-- tests.Tlogin -->
