<?xml version="1.0" encoding="UTF-8"?>
<!-- Generated by org.testng.reporters.JUnitReportReporter -->
<testsuite skipped="0" hostname="DT39306" name="tests.PLogin" tests="1" failures="0" timestamp="26 mar 2019 19:53:39 GMT" time="1.596" errors="0">
  <testcase name="fillOutForm" time="1.596" classname="tests.PLogin"/>
</testsuite> <!-- tests.PLogin -->
