<?xml version="1.0" encoding="UTF-8"?>
<!-- Generated by org.testng.reporters.JUnitReportReporter -->
<testsuite skipped="0" hostname="DT39306" name="tests.Tlogin" tests="1" failures="0" timestamp="28 mar 2019 21:16:08 GMT" time="3.113" errors="0">
  <testcase name="stepsLogin" time="3.113" classname="tests.Tlogin"/>
</testsuite> <!-- tests.Tlogin -->
