<?xml version="1.0" encoding="UTF-8"?>
<!-- Generated by org.testng.reporters.JUnitReportReporter -->
<testsuite skipped="0" hostname="DT39306" name="tests.Toportunidades" tests="1" failures="0" timestamp="03 abr 2019 14:58:59 GMT" time="18.404" errors="0">
  <testcase name="stepsOportunidades" time="18.404" classname="tests.Toportunidades"/>
</testsuite> <!-- tests.Toportunidades -->
