<?xml version="1.0" encoding="UTF-8"?>
<!-- Generated by org.testng.reporters.JUnitReportReporter -->
<testsuite skipped="0" hostname="DT39306" name="tests.Toportunidades" tests="1" failures="0" timestamp="03 abr 2019 23:15:53 GMT" time="34.225" errors="0">
  <testcase name="stepsOportunidades" time="34.225" classname="tests.Toportunidades"/>
</testsuite> <!-- tests.Toportunidades -->
