<?xml version="1.0" encoding="UTF-8"?>
<!-- Generated by org.testng.reporters.JUnitReportReporter -->
<testsuite skipped="0" hostname="DT39306" name="tests.Toportunidades" tests="1" failures="0" timestamp="04 abr 2019 15:18:39 GMT" time="24.401" errors="0">
  <testcase name="stepsOportunidades" time="24.401" classname="tests.Toportunidades"/>
</testsuite> <!-- tests.Toportunidades -->
